<?xml version="1.0" encoding="UTF-8"?>
<!-- Generated by org.testng.reporters.JUnitXMLReporter -->
<testsuite ignored="3" hostname="DESKTOP-CQPPJ1M" failures="0" tests="1" name="Default test" time="6.597" errors="0" timestamp="2024-06-19T00:29:36 IST">
  <testcase classname="com.DemoWeb.test.LoginTest" name="verifyHeaderList" time="0.165"/>
  <testcase classname="com.DemoWeb.test.LoginTest" name="VerifyValidationOnLogin" time="0.0">
    <ignored/>
  </testcase> <!-- VerifyValidationOnLogin -->
  <testcase classname="com.DemoWeb.test.LoginTest" name="login" time="0.0">
    <ignored/>
  </testcase> <!-- login -->
  <testcase classname="com.DemoWeb.test.LoginTest" name="VerifyUserIsAbleToLoginAndViewTheLoginEmailPostLogin" time="0.0">
    <ignored/>
  </testcase> <!-- VerifyUserIsAbleToLoginAndViewTheLoginEmailPostLogin -->
</testsuite> <!-- Default test -->
