<?xml version="1.0" encoding="UTF-8"?>
<!-- Generated by org.testng.reporters.JUnitXMLReporter -->
<testsuite ignored="0" hostname="DESKTOP-CQPPJ1M" failures="0" tests="4" name="Default test" time="40.416" errors="0" timestamp="2024-06-17T16:27:28 IST">
  <testcase classname="com.DemoWeb.test.LoginTest" name="login" time="1.01"/>
  <testcase classname="com.DemoWeb.test.LoginTest" name="verifyHeaderList" time="0.221"/>
  <testcase classname="com.DemoWeb.test.LoginTest" name="VerifyUserIsAbleToLoginAndViewTheLoginEmailPostLogin" time="8.986"/>
  <testcase classname="com.DemoWeb.test.LoginTest" name="VerifyValidationOnLogin" time="0.002"/>
</testsuite> <!-- Default test -->
