<?xml version="1.0" encoding="UTF-8"?>
<testng-results ignored="0" total="4" passed="4" failed="0" skipped="0">
  <reporter-output>
  </reporter-output>
  <suite started-at="2024-06-17T16:26:47 IST" name="Default suite" finished-at="2024-06-17T16:27:28 IST" duration-ms="40416">
    <groups>
    </groups>
    <test started-at="2024-06-17T16:26:47 IST" name="Default test" finished-at="2024-06-17T16:27:28 IST" duration-ms="40416">
      <class name="com.DemoWeb.test.LoginTest">
        <test-method is-config="true" signature="initialiseDriver()[pri:0, instance:com.DemoWeb.test.LoginTest@7d4f9aae]" started-at="2024-06-17T16:26:47 IST" name="initialiseDriver" finished-at="2024-06-17T16:26:56 IST" duration-ms="8986" status="PASS">
          <reporter-output>
          </reporter-output>
        </test-method> <!-- initialiseDriver -->
        <test-method signature="login()[pri:0, instance:com.DemoWeb.test.LoginTest@7d4f9aae]" started-at="2024-06-17T16:26:56 IST" name="login" finished-at="2024-06-17T16:26:57 IST" duration-ms="1010" status="PASS">
          <reporter-output>
          </reporter-output>
        </test-method> <!-- login -->
        <test-method is-config="true" signature="initialiseDriver()[pri:0, instance:com.DemoWeb.test.LoginTest@7d4f9aae]" started-at="2024-06-17T16:26:57 IST" name="initialiseDriver" finished-at="2024-06-17T16:27:03 IST" duration-ms="5621" status="PASS">
          <reporter-output>
          </reporter-output>
        </test-method> <!-- initialiseDriver -->
        <test-method signature="verifyHeaderList()[pri:0, instance:com.DemoWeb.test.LoginTest@7d4f9aae]" started-at="2024-06-17T16:27:03 IST" name="verifyHeaderList" finished-at="2024-06-17T16:27:03 IST" duration-ms="221" status="PASS">
          <reporter-output>
          </reporter-output>
        </test-method> <!-- verifyHeaderList -->
        <test-method is-config="true" signature="initialiseDriver()[pri:0, instance:com.DemoWeb.test.LoginTest@7d4f9aae]" started-at="2024-06-17T16:27:03 IST" name="initialiseDriver" finished-at="2024-06-17T16:27:08 IST" duration-ms="4460" status="PASS">
          <reporter-output>
          </reporter-output>
        </test-method> <!-- initialiseDriver -->
        <test-method signature="VerifyUserIsAbleToLoginAndViewTheLoginEmailPostLogin()[pri:2, instance:com.DemoWeb.test.LoginTest@7d4f9aae]" started-at="2024-06-17T16:27:08 IST" name="VerifyUserIsAbleToLoginAndViewTheLoginEmailPostLogin" finished-at="2024-06-17T16:27:17 IST" duration-ms="8986" status="PASS">
          <reporter-output>
          </reporter-output>
        </test-method> <!-- VerifyUserIsAbleToLoginAndViewTheLoginEmailPostLogin -->
        <test-method is-config="true" signature="initialiseDriver()[pri:0, instance:com.DemoWeb.test.LoginTest@7d4f9aae]" started-at="2024-06-17T16:27:17 IST" name="initialiseDriver" finished-at="2024-06-17T16:27:28 IST" duration-ms="10926" status="PASS">
          <reporter-output>
          </reporter-output>
        </test-method> <!-- initialiseDriver -->
        <test-method signature="VerifyValidationOnLogin()[pri:3, instance:com.DemoWeb.test.LoginTest@7d4f9aae]" started-at="2024-06-17T16:27:28 IST" name="VerifyValidationOnLogin" finished-at="2024-06-17T16:27:28 IST" duration-ms="2" status="PASS">
          <reporter-output>
          </reporter-output>
        </test-method> <!-- VerifyValidationOnLogin -->
      </class> <!-- com.DemoWeb.test.LoginTest -->
    </test> <!-- Default test -->
  </suite> <!-- Default suite -->
</testng-results>
