<?xml version="1.0" encoding="UTF-8"?>
<testng-results ignored="0" total="1" passed="1" failed="0" skipped="0">
  <reporter-output>
  </reporter-output>
  <suite started-at="2024-06-19T00:29:29 IST" name="Default suite" finished-at="2024-06-19T00:29:36 IST" duration-ms="6597">
    <groups>
    </groups>
    <test started-at="2024-06-19T00:29:29 IST" name="Default test" finished-at="2024-06-19T00:29:36 IST" duration-ms="6597">
      <class name="com.DemoWeb.test.LoginTest">
        <test-method is-config="true" signature="initialiseDriver()[pri:0, instance:com.DemoWeb.test.LoginTest@52b1beb6]" started-at="2024-06-19T00:29:29 IST" name="initialiseDriver" finished-at="2024-06-19T00:29:36 IST" duration-ms="6330" status="PASS">
          <reporter-output>
          </reporter-output>
        </test-method> <!-- initialiseDriver -->
        <test-method signature="verifyHeaderList()[pri:0, instance:com.DemoWeb.test.LoginTest@52b1beb6]" started-at="2024-06-19T00:29:36 IST" name="verifyHeaderList" finished-at="2024-06-19T00:29:36 IST" duration-ms="165" status="PASS">
          <reporter-output>
          </reporter-output>
        </test-method> <!-- verifyHeaderList -->
      </class> <!-- com.DemoWeb.test.LoginTest -->
    </test> <!-- Default test -->
  </suite> <!-- Default suite -->
</testng-results>
